2025-10-03 21:19:44,901 - INFO - Qlib初始化成功，数据路径: D:/data/qlib_bin
2025-10-03 21:19:44,902 - INFO - 
=== 示例1: 获取多个股票的多个字段数据 ===
2025-10-03 21:19:47,040 - INFO - 成功获取数据: 股票数量=2, 字段数量=5, 数据形状=(14, 5)
2025-10-03 21:19:47,040 - INFO - 
===== 多股票多字段数据 =====
2025-10-03 21:19:47,040 - INFO - 数据类型: <class 'pandas.core.frame.DataFrame'>
2025-10-03 21:19:47,041 - INFO - 数据形状: (14, 5)
2025-10-03 21:19:47,041 - INFO - 数据索引: ['instrument', 'datetime']
2025-10-03 21:19:47,042 - INFO - 数据列: ['$open', '$high', '$low', '$close', '$volume']
2025-10-03 21:19:47,042 - INFO - 
2025-10-03 21:19:47,042 - INFO - 数据字段类型:
$open      float32
$high      float32
$low       float32
$close     float32
$volume    float32
dtype: object
2025-10-03 21:19:47,042 - INFO - 
2025-10-03 21:19:47,049 - INFO - 数据前5行:
                            $open       $high  ...      $close        $volume
instrument datetime                            ...                           
SH600519   2024-01-02  227.355698  227.778595  ...  223.379959  242563.937500
           2024-01-03  222.862976  224.733521  ...  224.571793  152594.484375
           2024-01-04  224.439117  224.439117  ...  221.257462  162565.078125
           2024-01-05  220.240753  222.538177  ...  220.509872  152696.859375
           2024-01-08  220.196960  220.329529  ...  217.941956  193001.515625

[5 rows x 5 columns]

2025-10-03 21:19:47,049 - INFO - 
=== 示例2: 获取单个股票的单个字段数据 ===
2025-10-03 21:19:47,053 - INFO - 成功获取数据: 股票数量=1, 字段数量=1, 数据形状=(7, 1)
2025-10-03 21:19:47,053 - INFO - 
===== 单个股票收盘价数据 =====
2025-10-03 21:19:47,053 - INFO - 数据类型: <class 'pandas.core.frame.DataFrame'>
2025-10-03 21:19:47,053 - INFO - 数据形状: (7, 1)
2025-10-03 21:19:47,053 - INFO - 数据索引: ['instrument', 'datetime']
2025-10-03 21:19:47,053 - INFO - 数据列: ['$close']
2025-10-03 21:19:47,053 - INFO - 
2025-10-03 21:19:47,053 - INFO - 数据字段类型:
$close    float32
dtype: object
2025-10-03 21:19:47,054 - INFO - 
2025-10-03 21:19:47,055 - INFO - 数据前5行:
                          $close
instrument datetime             
SZ000030   2024-01-02  10.173077
           2024-01-03  10.134615
           2024-01-04  10.096154
           2024-01-05   9.985577
           2024-01-08   9.812500

2025-10-03 21:19:47,056 - INFO - 
=== 示例3: 处理和转换数据 ===
2025-10-03 21:19:47,056 - INFO - 扁平化后的数据形状: (14, 7)
2025-10-03 21:19:47,061 - INFO - 扁平化后的数据前5行:
  instrument   datetime       $open  ...        $low      $close        $volume
0   SH600519 2024-01-02  227.355698  ...  222.463898  223.379959  242563.937500
1   SH600519 2024-01-03  222.862976  ...  222.229294  224.571793  152594.484375
2   SH600519 2024-01-04  224.439117  ...  220.452774  221.257462  162565.078125
3   SH600519 2024-01-05  220.240753  ...  219.018463  220.509872  152696.859375
4   SH600519 2024-01-08  220.196960  ...  217.414337  217.941956  193001.515625

[5 rows x 7 columns]

2025-10-03 21:19:47,064 - INFO - 数据已保存到CSV文件: qlib_market_data.csv
2025-10-03 21:19:47,064 - INFO - 
=== Qlib数据说明 ===
2025-10-03 21:19:47,065 - INFO - 1. 在Qlib中，数据通常以pandas的MultiIndex DataFrame格式存储
2025-10-03 21:19:47,065 - INFO - 2. 一级索引是instrument(股票代码)，二级索引是datetime(日期时间)
2025-10-03 21:19:47,065 - INFO - 3. 列是各个字段，如开盘价、最高价、最低价、收盘价、成交量等
2025-10-03 21:19:47,065 - INFO - 4. Qlib中的数据可能经过了时区调整和基本的清洗
2025-10-03 21:19:47,065 - INFO - 5. 对于需要完全原始数据的场景，可能需要从数据源直接获取或使用专门的数据接口
2025-10-03 21:20:39,328 - INFO - Qlib初始化成功，数据路径: D:/data/qlib_bin
2025-10-03 21:20:39,328 - INFO - 
=== 示例1: 获取多个股票的多个字段数据 ===
2025-10-03 21:20:41,462 - INFO - 成功获取数据: 股票数量=2, 字段数量=5, 数据形状=(14, 5)
2025-10-03 21:20:41,462 - INFO - 
===== 多股票多字段数据 =====
2025-10-03 21:20:41,462 - INFO - 数据类型: <class 'pandas.core.frame.DataFrame'>
2025-10-03 21:20:41,462 - INFO - 数据形状: (14, 5)
2025-10-03 21:20:41,463 - INFO - 数据索引: ['instrument', 'datetime']
2025-10-03 21:20:41,463 - INFO - 数据列: ['$open', '$high', '$low', '$close', '$volume']
2025-10-03 21:20:41,463 - INFO - 
2025-10-03 21:20:41,464 - INFO - 数据字段类型:
$open      float32
$high      float32
$low       float32
$close     float32
$volume    float32
dtype: object
2025-10-03 21:20:41,464 - INFO - 
2025-10-03 21:20:41,471 - INFO - 数据前5行:
                            $open       $high  ...      $close        $volume
instrument datetime                            ...                           
SH600519   2024-01-02  227.355698  227.778595  ...  223.379959  242563.937500
           2024-01-03  222.862976  224.733521  ...  224.571793  152594.484375
           2024-01-04  224.439117  224.439117  ...  221.257462  162565.078125
           2024-01-05  220.240753  222.538177  ...  220.509872  152696.859375
           2024-01-08  220.196960  220.329529  ...  217.941956  193001.515625

[5 rows x 5 columns]

2025-10-03 21:20:41,471 - INFO - 
=== 示例2: 获取单个股票的单个字段数据 ===
2025-10-03 21:20:41,474 - INFO - 成功获取数据: 股票数量=1, 字段数量=1, 数据形状=(7, 1)
2025-10-03 21:20:41,474 - INFO - 
===== 单个股票收盘价数据 =====
2025-10-03 21:20:41,474 - INFO - 数据类型: <class 'pandas.core.frame.DataFrame'>
2025-10-03 21:20:41,474 - INFO - 数据形状: (7, 1)
2025-10-03 21:20:41,475 - INFO - 数据索引: ['instrument', 'datetime']
2025-10-03 21:20:41,475 - INFO - 数据列: ['$close']
2025-10-03 21:20:41,475 - INFO - 
2025-10-03 21:20:41,475 - INFO - 数据字段类型:
$close    float32
dtype: object
2025-10-03 21:20:41,475 - INFO - 
2025-10-03 21:20:41,477 - INFO - 数据前5行:
                          $close
instrument datetime             
SZ000030   2024-01-02  10.173077
           2024-01-03  10.134615
           2024-01-04  10.096154
           2024-01-05   9.985577
           2024-01-08   9.812500

2025-10-03 21:20:41,477 - INFO - 
=== 示例3: 处理和转换数据 ===
2025-10-03 21:20:41,478 - INFO - 扁平化后的数据形状: (14, 7)
2025-10-03 21:20:41,482 - INFO - 扁平化后的数据前5行:
  instrument   datetime       $open  ...        $low      $close        $volume
0   SH600519 2024-01-02  227.355698  ...  222.463898  223.379959  242563.937500
1   SH600519 2024-01-03  222.862976  ...  222.229294  224.571793  152594.484375
2   SH600519 2024-01-04  224.439117  ...  220.452774  221.257462  162565.078125
3   SH600519 2024-01-05  220.240753  ...  219.018463  220.509872  152696.859375
4   SH600519 2024-01-08  220.196960  ...  217.414337  217.941956  193001.515625

[5 rows x 7 columns]

2025-10-03 21:20:41,485 - INFO - 数据已保存到CSV文件: qlib_market_data.csv
2025-10-03 21:20:41,485 - INFO - 
=== Qlib数据说明 ===
2025-10-03 21:20:41,485 - INFO - 1. 在Qlib中，数据通常以pandas的MultiIndex DataFrame格式存储
2025-10-03 21:20:41,486 - INFO - 2. 一级索引是instrument(股票代码)，二级索引是datetime(日期时间)
2025-10-03 21:20:41,486 - INFO - 3. 列是各个字段，如开盘价、最高价、最低价、收盘价、成交量等
2025-10-03 21:20:41,486 - INFO - 4. Qlib中的数据可能经过了时区调整和基本的清洗
2025-10-03 21:20:41,486 - INFO - 5. 对于需要完全原始数据的场景，可能需要从数据源直接获取或使用专门的数据接口
2025-10-03 21:28:36,179 - INFO - Qlib初始化成功，数据路径: D:/data/qlib_bin
2025-10-03 21:28:36,180 - INFO - 
=== 示例1: 获取多个股票的多个字段数据 ===
2025-10-03 21:28:38,295 - INFO - 成功获取数据: 股票数量=2, 字段数量=6, 数据形状=(14, 6)
2025-10-03 21:28:38,296 - INFO - 
===== 多股票多字段数据 =====
2025-10-03 21:28:38,296 - INFO - 数据类型: <class 'pandas.core.frame.DataFrame'>
2025-10-03 21:28:38,296 - INFO - 数据形状: (14, 6)
2025-10-03 21:28:38,296 - INFO - 数据索引: ['instrument', 'datetime']
2025-10-03 21:28:38,297 - INFO - 数据列: ['$open', '$high', '$low', '$close', '$volume', '$factor']
2025-10-03 21:28:38,297 - INFO - 
2025-10-03 21:28:38,297 - INFO - 数据字段类型:
$open      float32
$high      float32
$low       float32
$close     float32
$volume    float32
$factor    float32
dtype: object
2025-10-03 21:28:38,297 - INFO - 
2025-10-03 21:28:38,304 - INFO - 数据前5行:
                            $open       $high  ...        $volume   $factor
instrument datetime                            ...                         
SH600519   2024-01-02  227.355698  227.778595  ...  242563.937500  0.132569
           2024-01-03  222.862976  224.733521  ...  152594.484375  0.132569
           2024-01-04  224.439117  224.439117  ...  162565.078125  0.132569
           2024-01-05  220.240753  222.538177  ...  152696.859375  0.132569
           2024-01-08  220.196960  220.329529  ...  193001.515625  0.132569

[5 rows x 6 columns]

2025-10-03 21:28:38,304 - INFO - 
=== 示例2: 获取单个股票的单个字段数据 ===
2025-10-03 21:28:38,307 - INFO - 成功获取数据: 股票数量=1, 字段数量=1, 数据形状=(7, 1)
2025-10-03 21:28:38,307 - INFO - 
===== 单个股票收盘价数据 =====
2025-10-03 21:28:38,307 - INFO - 数据类型: <class 'pandas.core.frame.DataFrame'>
2025-10-03 21:28:38,307 - INFO - 数据形状: (7, 1)
2025-10-03 21:28:38,308 - INFO - 数据索引: ['instrument', 'datetime']
2025-10-03 21:28:38,308 - INFO - 数据列: ['$close']
2025-10-03 21:28:38,308 - INFO - 
2025-10-03 21:28:38,308 - INFO - 数据字段类型:
$close    float32
dtype: object
2025-10-03 21:28:38,317 - INFO - 
2025-10-03 21:28:38,321 - INFO - 数据前5行:
                          $close
instrument datetime             
SZ000030   2024-01-02  10.173077
           2024-01-03  10.134615
           2024-01-04  10.096154
           2024-01-05   9.985577
           2024-01-08   9.812500

2025-10-03 21:28:38,321 - INFO - 
=== 示例3: 处理和转换数据 ===
2025-10-03 21:28:38,322 - INFO - 扁平化后的数据形状: (14, 8)
2025-10-03 21:28:38,328 - INFO - 扁平化后的数据前5行:
  instrument   datetime       $open  ...      $close        $volume   $factor
0   SH600519 2024-01-02  227.355698  ...  223.379959  242563.937500  0.132569
1   SH600519 2024-01-03  222.862976  ...  224.571793  152594.484375  0.132569
2   SH600519 2024-01-04  224.439117  ...  221.257462  162565.078125  0.132569
3   SH600519 2024-01-05  220.240753  ...  220.509872  152696.859375  0.132569
4   SH600519 2024-01-08  220.196960  ...  217.941956  193001.515625  0.132569

[5 rows x 8 columns]

2025-10-03 21:28:38,332 - INFO - 数据已保存到CSV文件: qlib_market_data.csv
2025-10-03 21:28:38,332 - INFO - 
=== Qlib数据说明 ===
2025-10-03 21:28:38,332 - INFO - 1. 在Qlib中，数据通常以pandas的MultiIndex DataFrame格式存储
2025-10-03 21:28:38,332 - INFO - 2. 一级索引是instrument(股票代码)，二级索引是datetime(日期时间)
2025-10-03 21:28:38,333 - INFO - 3. 列是各个字段，如开盘价、最高价、最低价、收盘价、成交量等
2025-10-03 21:28:38,333 - INFO - 4. Qlib中的数据可能经过了时区调整和基本的清洗
2025-10-03 21:28:38,333 - INFO - 5. 对于需要完全原始数据的场景，可能需要从数据源直接获取或使用专门的数据接口
2025-10-03 21:30:26,176 - INFO - Qlib初始化成功，数据路径: D:/data/qlib_bin
2025-10-03 21:30:26,176 - INFO - 
=== 示例1: 获取多个股票的多个字段数据 ===
2025-10-03 21:30:28,323 - INFO - 成功获取数据: 股票数量=2, 字段数量=6, 数据形状=(14, 6)
2025-10-03 21:30:28,323 - INFO - 
===== 多股票多字段数据 =====
2025-10-03 21:30:28,323 - INFO - 数据类型: <class 'pandas.core.frame.DataFrame'>
2025-10-03 21:30:28,323 - INFO - 数据形状: (14, 6)
2025-10-03 21:30:28,324 - INFO - 数据索引: ['instrument', 'datetime']
2025-10-03 21:30:28,324 - INFO - 数据列: ['$open', '$high', '$low', '$close', '$volume', '$factor']
2025-10-03 21:30:28,324 - INFO - 
2025-10-03 21:30:28,324 - INFO - 数据字段类型:
$open      float32
$high      float32
$low       float32
$close     float32
$volume    float32
$factor    float32
dtype: object
2025-10-03 21:30:28,325 - INFO - 
2025-10-03 21:30:28,332 - INFO - 数据前5行:
                            $open       $high  ...        $volume   $factor
instrument datetime                            ...                         
SH600519   2024-01-02  227.355698  227.778595  ...  242563.937500  0.132569
           2024-01-03  222.862976  224.733521  ...  152594.484375  0.132569
           2024-01-04  224.439117  224.439117  ...  162565.078125  0.132569
           2024-01-05  220.240753  222.538177  ...  152696.859375  0.132569
           2024-01-08  220.196960  220.329529  ...  193001.515625  0.132569

[5 rows x 6 columns]

2025-10-03 21:30:28,332 - INFO - 
=== 示例2: 获取单个股票的单个字段数据 ===
2025-10-03 21:30:28,334 - INFO - 成功获取数据: 股票数量=1, 字段数量=1, 数据形状=(7, 1)
2025-10-03 21:30:28,335 - INFO - 
===== 单个股票收盘价数据 =====
2025-10-03 21:30:28,335 - INFO - 数据类型: <class 'pandas.core.frame.DataFrame'>
2025-10-03 21:30:28,335 - INFO - 数据形状: (7, 1)
2025-10-03 21:30:28,335 - INFO - 数据索引: ['instrument', 'datetime']
2025-10-03 21:30:28,335 - INFO - 数据列: ['$close']
2025-10-03 21:30:28,335 - INFO - 
2025-10-03 21:30:28,336 - INFO - 数据字段类型:
$close    float32
dtype: object
2025-10-03 21:30:28,336 - INFO - 
2025-10-03 21:30:28,338 - INFO - 数据前5行:
                          $close
instrument datetime             
SZ000030   2024-01-02  10.173077
           2024-01-03  10.134615
           2024-01-04  10.096154
           2024-01-05   9.985577
           2024-01-08   9.812500

2025-10-03 21:30:28,338 - INFO - 
=== 示例3: 处理和转换数据 ===
2025-10-03 21:30:28,339 - INFO - 扁平化后的数据形状: (14, 8)
2025-10-03 21:30:28,343 - INFO - 扁平化后的数据前5行:
  instrument   datetime       $open  ...      $close        $volume   $factor
0   SH600519 2024-01-02  227.355698  ...  223.379959  242563.937500  0.132569
1   SH600519 2024-01-03  222.862976  ...  224.571793  152594.484375  0.132569
2   SH600519 2024-01-04  224.439117  ...  221.257462  162565.078125  0.132569
3   SH600519 2024-01-05  220.240753  ...  220.509872  152696.859375  0.132569
4   SH600519 2024-01-08  220.196960  ...  217.941956  193001.515625  0.132569

[5 rows x 8 columns]

2025-10-03 21:30:28,347 - INFO - 数据已保存到CSV文件: qlib_market_data.csv
2025-10-03 21:30:28,347 - INFO - 
=== Qlib数据说明 ===
2025-10-03 21:30:28,347 - INFO - 1. 在Qlib中，数据通常以pandas的MultiIndex DataFrame格式存储
2025-10-03 21:30:28,347 - INFO - 2. 一级索引是instrument(股票代码)，二级索引是datetime(日期时间)
2025-10-03 21:30:28,347 - INFO - 3. 列是各个字段，如开盘价、最高价、最低价、收盘价、成交量等
2025-10-03 21:30:28,347 - INFO - 4. Qlib中的数据可能经过了时区调整和基本的清洗
2025-10-03 21:30:28,347 - INFO - 5. 对于需要完全原始数据的场景，可能需要从数据源直接获取或使用专门的数据接口
