2025-10-03 20:00:35,962 - INFO - 开始检查Qlib数据更新...
2025-10-03 20:00:35,962 - INFO - 当前数据版本: 2025-10-03
2025-10-03 20:00:36,751 - INFO - 发现最新版本: 2025-10-03, 下载链接: https://github.com/chenditc/investment_data/releases/download/2025-10-03/qlib_bin.tar.gz
2025-10-03 20:00:36,753 - INFO - 当前已是最新版本，无需更新
2025-10-03 20:00:36,753 - INFO - 强制执行数据完整性验证以显示测试数据...
2025-10-03 20:00:37,421 - INFO - 数据验证成功
2025-10-03 20:00:37,427 - INFO - 测试数据样例（前3行）:
                            $open       $high  ...      $close        $volume
instrument datetime                            ...                           
SH600519   2024-01-02  227.355698  227.778595  ...  223.379959  242563.937500
           2024-01-03  222.862976  224.733521  ...  224.571793  152594.484375
           2024-01-04  224.439117  224.439117  ...  221.257462  162565.078125

[3 rows x 5 columns]
2025-10-03 20:01:46,208 - INFO - 开始检查Qlib数据更新...
2025-10-03 20:01:46,209 - INFO - 当前数据版本: 2025-10-03
2025-10-03 20:01:56,531 - ERROR - 检查最新版本失败: HTTPSConnectionPool(host='api.github.com', port=443): Read timed out. (read timeout=10)
2025-10-03 20:01:56,532 - ERROR - 无法获取最新版本信息
2025-10-03 20:04:20,859 - INFO - 开始检查Qlib数据更新...
2025-10-03 20:04:20,860 - INFO - 当前数据版本: 2025-10-03
2025-10-03 20:04:21,643 - INFO - 发现最新版本: 2025-10-03, 下载链接: https://github.com/chenditc/investment_data/releases/download/2025-10-03/qlib_bin.tar.gz
2025-10-03 20:04:21,645 - INFO - 当前已是最新版本，无需更新
2025-10-03 20:04:21,645 - INFO - 强制执行数据完整性验证以显示测试数据...
2025-10-03 20:04:22,302 - INFO - 数据验证成功
2025-10-03 20:04:22,309 - INFO - 测试数据样例（前3行）:
                            $open       $high  ...      $close        $volume
instrument datetime                            ...                           
SH600519   2024-01-02  227.355698  227.778595  ...  223.379959  242563.937500
           2024-01-03  222.862976  224.733521  ...  224.571793  152594.484375
           2024-01-04  224.439117  224.439117  ...  221.257462  162565.078125

[3 rows x 5 columns]
2025-10-03 21:12:21,077 - INFO - 开始检查Qlib数据更新...
2025-10-03 21:12:21,077 - INFO - 当前数据版本: 2025-10-03
2025-10-03 21:12:21,908 - INFO - 发现最新版本: 2025-10-03, 下载链接: https://github.com/chenditc/investment_data/releases/download/2025-10-03/qlib_bin.tar.gz
2025-10-03 21:12:21,910 - INFO - 当前已是最新版本，无需更新
2025-10-03 21:12:21,910 - INFO - 强制执行数据完整性验证以显示测试数据...
2025-10-03 21:12:22,573 - INFO - 数据验证成功
2025-10-03 21:12:22,578 - INFO - 测试数据样例（前3行）:
                           $open      $high       $low     $close       $volume
instrument datetime                                                            
SZ000030   2024-01-02  10.116350  10.248713  10.021805  10.173077  59287.019531
           2024-01-03  10.172431  10.266971  10.058984  10.134615  43012.578125
           2024-01-04  10.152874  10.171781  10.058340  10.096154  34457.496094
2025-10-03 21:13:58,854 - INFO - 开始检查Qlib数据更新...
2025-10-03 21:13:58,854 - INFO - 当前数据版本: 2025-10-03
2025-10-03 21:13:59,650 - INFO - 发现最新版本: 2025-10-03, 下载链接: https://github.com/chenditc/investment_data/releases/download/2025-10-03/qlib_bin.tar.gz
2025-10-03 21:13:59,652 - INFO - 当前已是最新版本，无需更新
2025-10-03 21:13:59,653 - INFO - 强制执行数据完整性验证以显示测试数据...
2025-10-03 21:14:00,291 - INFO - 数据验证成功
2025-10-03 21:14:00,297 - INFO - 测试数据样例（前3行）:
                           $open      $high       $low     $close       $volume
instrument datetime                                                            
SZ000030   2024-01-02  10.116350  10.248713  10.021805  10.173077  59287.019531
           2024-01-03  10.172431  10.266971  10.058984  10.134615  43012.578125
           2024-01-04  10.152874  10.171781  10.058340  10.096154  34457.496094
2025-10-03 21:14:33,547 - INFO - 开始检查Qlib数据更新...
2025-10-03 21:14:33,547 - INFO - 当前数据版本: 2025-10-03
2025-10-03 21:14:34,345 - INFO - 发现最新版本: 2025-10-03, 下载链接: https://github.com/chenditc/investment_data/releases/download/2025-10-03/qlib_bin.tar.gz
2025-10-03 21:14:34,348 - INFO - 当前已是最新版本，无需更新
2025-10-03 21:14:34,348 - INFO - 强制执行数据完整性验证以显示测试数据...
2025-10-03 21:14:34,998 - INFO - 数据验证成功
2025-10-03 21:14:34,998 - INFO - 数据类型: <class 'pandas.core.frame.DataFrame'>
2025-10-03 21:14:34,999 - INFO - 数据形状: (7, 5)
2025-10-03 21:14:34,999 - INFO - 数据索引: ['instrument', 'datetime']
2025-10-03 21:14:35,004 - INFO - 测试数据样例（前3行）:
                           $open      $high       $low     $close       $volume
instrument datetime                                                            
SZ000030   2024-01-02  10.116350  10.248713  10.021805  10.173077  59287.019531
           2024-01-03  10.172431  10.266971  10.058984  10.134615  43012.578125
           2024-01-04  10.152874  10.171781  10.058340  10.096154  34457.496094
2025-10-03 21:15:16,954 - INFO - 开始检查Qlib数据更新...
2025-10-03 21:15:16,954 - INFO - 当前数据版本: 2025-10-03
2025-10-03 21:15:17,760 - INFO - 发现最新版本: 2025-10-03, 下载链接: https://github.com/chenditc/investment_data/releases/download/2025-10-03/qlib_bin.tar.gz
2025-10-03 21:15:17,763 - INFO - 当前已是最新版本，无需更新
2025-10-03 21:15:17,764 - INFO - 强制执行数据完整性验证以显示测试数据...
2025-10-03 21:15:18,428 - INFO - 数据验证成功
2025-10-03 21:15:18,428 - INFO - 数据类型: <class 'pandas.core.frame.DataFrame'>
2025-10-03 21:15:18,428 - INFO - 数据形状: (7, 5)
2025-10-03 21:15:18,429 - INFO - 数据索引: ['instrument', 'datetime']
2025-10-03 21:15:18,429 - INFO - 数据列: ['$open', '$high', '$low', '$close', '$volume']
2025-10-03 21:15:18,430 - INFO - 数据字段类型:
$open      float32
$high      float32
$low       float32
$close     float32
$volume    float32
dtype: object
2025-10-03 21:15:18,435 - INFO - 测试数据样例（前3行）:
                           $open      $high       $low     $close       $volume
instrument datetime                                                            
SZ000030   2024-01-02  10.116350  10.248713  10.021805  10.173077  59287.019531
           2024-01-03  10.172431  10.266971  10.058984  10.134615  43012.578125
           2024-01-04  10.152874  10.171781  10.058340  10.096154  34457.496094
2025-10-03 21:15:18,435 - INFO - 注：Qlib中的数据通常是经过预处理的标准化数据，数值可能是浮点数格式。
2025-10-03 21:15:18,435 - INFO - 成交量等字段可能经过了单位转换或标准化处理。
